mode: set
go-micro-jetstream/pkg/broker/event.go:17.34,19.2 1 0
go-micro-jetstream/pkg/broker/event.go:21.45,26.2 1 1
go-micro-jetstream/pkg/broker/event.go:28.31,30.2 1 0
go-micro-jetstream/pkg/broker/event.go:32.33,34.2 1 0
go-micro-jetstream/pkg/broker/event.go:46.58,48.2 1 0
go-micro-jetstream/pkg/broker/event.go:50.39,52.2 1 0
go-micro-jetstream/pkg/broker/event.go:54.44,57.2 2 1
go-micro-jetstream/pkg/broker/event.go:59.58,63.24 3 1
go-micro-jetstream/pkg/broker/event.go:63.24,65.3 1 1
go-micro-jetstream/pkg/broker/event.go:67.2,67.39 1 1
go-micro-jetstream/pkg/broker/event.go:67.39,68.22 1 1
go-micro-jetstream/pkg/broker/event.go:68.22,70.4 1 1
go-micro-jetstream/pkg/broker/event.go:73.2,73.16 1 1
go-micro-jetstream/pkg/broker/event.go:76.64,79.25 2 1
go-micro-jetstream/pkg/broker/event.go:79.25,81.38 2 1
go-micro-jetstream/pkg/broker/event.go:81.38,83.4 1 1
go-micro-jetstream/pkg/broker/event.go:86.2,86.26 1 1
go-micro-jetstream/pkg/broker/jetstream.go:28.53,33.25 2 1
go-micro-jetstream/pkg/broker/jetstream.go:33.25,35.3 1 1
go-micro-jetstream/pkg/broker/jetstream.go:37.2,41.3 1 1
go-micro-jetstream/pkg/broker/jetstream.go:44.61,45.25 1 0
go-micro-jetstream/pkg/broker/jetstream.go:45.25,47.3 1 0
go-micro-jetstream/pkg/broker/jetstream.go:49.2,51.12 2 0
go-micro-jetstream/pkg/broker/jetstream.go:54.43,58.17 3 1
go-micro-jetstream/pkg/broker/jetstream.go:58.17,60.3 1 1
go-micro-jetstream/pkg/broker/jetstream.go:62.2,63.21 2 1
go-micro-jetstream/pkg/broker/jetstream.go:63.21,65.3 1 0
go-micro-jetstream/pkg/broker/jetstream.go:67.2,73.16 4 1
go-micro-jetstream/pkg/broker/jetstream.go:73.16,75.3 1 1
go-micro-jetstream/pkg/broker/jetstream.go:77.2,78.16 2 1
go-micro-jetstream/pkg/broker/jetstream.go:78.16,81.3 2 0
go-micro-jetstream/pkg/broker/jetstream.go:83.2,89.12 5 1
go-micro-jetstream/pkg/broker/jetstream.go:92.46,96.18 3 1
go-micro-jetstream/pkg/broker/jetstream.go:96.18,98.3 1 1
go-micro-jetstream/pkg/broker/jetstream.go:100.2,100.29 1 1
go-micro-jetstream/pkg/broker/jetstream.go:100.29,102.3 1 1
go-micro-jetstream/pkg/broker/jetstream.go:104.2,106.37 2 1
go-micro-jetstream/pkg/broker/jetstream.go:106.37,108.3 1 0
go-micro-jetstream/pkg/broker/jetstream.go:110.2,115.12 4 1
go-micro-jetstream/pkg/broker/jetstream.go:118.106,124.16 5 1
go-micro-jetstream/pkg/broker/jetstream.go:124.16,126.3 1 1
go-micro-jetstream/pkg/broker/jetstream.go:128.2,131.25 2 1
go-micro-jetstream/pkg/broker/jetstream.go:131.25,133.3 1 0
go-micro-jetstream/pkg/broker/jetstream.go:135.2,135.63 1 1
go-micro-jetstream/pkg/broker/jetstream.go:135.63,137.3 1 0
go-micro-jetstream/pkg/broker/jetstream.go:139.2,148.16 4 1
go-micro-jetstream/pkg/broker/jetstream.go:148.16,150.3 1 0
go-micro-jetstream/pkg/broker/jetstream.go:152.2,152.12 1 1
go-micro-jetstream/pkg/broker/jetstream.go:155.128,161.16 5 1
go-micro-jetstream/pkg/broker/jetstream.go:161.16,163.3 1 1
go-micro-jetstream/pkg/broker/jetstream.go:165.2,168.25 2 1
go-micro-jetstream/pkg/broker/jetstream.go:168.25,170.3 1 1
go-micro-jetstream/pkg/broker/jetstream.go:172.2,174.23 3 1
go-micro-jetstream/pkg/broker/jetstream.go:174.23,176.3 1 0
go-micro-jetstream/pkg/broker/jetstream.go:178.2,179.16 2 1
go-micro-jetstream/pkg/broker/jetstream.go:179.16,181.3 1 0
go-micro-jetstream/pkg/broker/jetstream.go:183.2,188.16 2 1
go-micro-jetstream/pkg/broker/jetstream.go:188.16,190.3 1 0
go-micro-jetstream/pkg/broker/jetstream.go:192.2,213.17 9 1
go-micro-jetstream/pkg/broker/jetstream.go:216.52,218.2 1 0
go-micro-jetstream/pkg/broker/jetstream.go:220.44,224.32 3 1
go-micro-jetstream/pkg/broker/jetstream.go:224.32,226.3 1 1
go-micro-jetstream/pkg/broker/jetstream.go:228.2,228.11 1 0
go-micro-jetstream/pkg/broker/jetstream.go:231.43,233.2 1 0
go-micro-jetstream/pkg/broker/jetstream.go:235.81,239.16 3 1
go-micro-jetstream/pkg/broker/jetstream.go:239.16,241.3 1 1
go-micro-jetstream/pkg/broker/jetstream.go:243.2,243.50 1 1
go-micro-jetstream/pkg/broker/jetstream.go:243.50,245.3 1 0
go-micro-jetstream/pkg/broker/jetstream.go:247.2,254.34 2 1
go-micro-jetstream/pkg/broker/jetstream.go:254.34,257.3 2 0
go-micro-jetstream/pkg/broker/jetstream.go:259.2,260.16 2 1
go-micro-jetstream/pkg/broker/jetstream.go:260.16,262.3 1 0
go-micro-jetstream/pkg/broker/jetstream.go:264.2,266.12 2 1
go-micro-jetstream/pkg/broker/jetstream.go:269.96,273.16 3 1
go-micro-jetstream/pkg/broker/jetstream.go:273.16,275.3 1 1
go-micro-jetstream/pkg/broker/jetstream.go:277.2,277.51 1 1
go-micro-jetstream/pkg/broker/jetstream.go:277.51,279.3 1 0
go-micro-jetstream/pkg/broker/jetstream.go:281.2,281.24 1 1
go-micro-jetstream/pkg/broker/jetstream.go:284.80,285.15 1 1
go-micro-jetstream/pkg/broker/jetstream.go:285.15,286.31 1 1
go-micro-jetstream/pkg/broker/jetstream.go:286.31,288.4 1 0
go-micro-jetstream/pkg/broker/jetstream.go:291.2,294.6 3 1
go-micro-jetstream/pkg/broker/jetstream.go:294.6,295.10 1 1
go-micro-jetstream/pkg/broker/jetstream.go:296.21,297.10 1 1
go-micro-jetstream/pkg/broker/jetstream.go:298.11,298.11 0 1
go-micro-jetstream/pkg/broker/jetstream.go:301.3,306.17 2 1
go-micro-jetstream/pkg/broker/jetstream.go:306.17,307.40 1 0
go-micro-jetstream/pkg/broker/jetstream.go:307.40,309.5 1 0
go-micro-jetstream/pkg/broker/jetstream.go:311.4,313.11 2 0
go-micro-jetstream/pkg/broker/jetstream.go:314.22,315.11 1 0
go-micro-jetstream/pkg/broker/jetstream.go:316.31,318.13 2 0
go-micro-jetstream/pkg/broker/jetstream.go:322.3,324.36 2 1
go-micro-jetstream/pkg/broker/jetstream.go:324.36,326.4 1 1
go-micro-jetstream/pkg/broker/jetstream.go:328.3,328.26 1 1
go-micro-jetstream/pkg/broker/jetstream.go:328.26,330.4 1 0
go-micro-jetstream/pkg/broker/jetstream.go:334.79,335.15 1 1
go-micro-jetstream/pkg/broker/jetstream.go:335.15,336.31 1 1
go-micro-jetstream/pkg/broker/jetstream.go:336.31,338.36 2 1
go-micro-jetstream/pkg/broker/jetstream.go:338.36,340.5 1 0
go-micro-jetstream/pkg/broker/jetstream.go:344.2,351.16 3 1
go-micro-jetstream/pkg/broker/jetstream.go:351.16,353.41 2 1
go-micro-jetstream/pkg/broker/jetstream.go:353.41,355.4 1 0
go-micro-jetstream/pkg/broker/jetstream.go:356.3,356.9 1 1
go-micro-jetstream/pkg/broker/jetstream.go:359.2,359.40 1 1
go-micro-jetstream/pkg/broker/jetstream.go:359.40,361.3 1 0
go-micro-jetstream/pkg/broker/jetstream.go:364.47,366.21 2 1
go-micro-jetstream/pkg/broker/jetstream.go:366.21,368.3 1 0
go-micro-jetstream/pkg/broker/jetstream.go:370.2,370.64 1 1
go-micro-jetstream/pkg/broker/jetstream.go:373.51,377.2 3 0
go-micro-jetstream/pkg/broker/jetstream.go:379.44,380.11 1 0
go-micro-jetstream/pkg/broker/jetstream.go:380.11,382.3 1 0
go-micro-jetstream/pkg/broker/jetstream.go:383.2,383.10 1 0
go-micro-jetstream/pkg/broker/options.go:23.44,24.33 1 1
go-micro-jetstream/pkg/broker/options.go:24.33,25.23 1 1
go-micro-jetstream/pkg/broker/options.go:25.23,27.4 1 0
go-micro-jetstream/pkg/broker/options.go:28.3,30.65 3 1
go-micro-jetstream/pkg/broker/options.go:34.58,35.33 1 1
go-micro-jetstream/pkg/broker/options.go:35.33,36.23 1 1
go-micro-jetstream/pkg/broker/options.go:36.23,38.4 1 0
go-micro-jetstream/pkg/broker/options.go:39.3,41.65 3 1
go-micro-jetstream/pkg/broker/options.go:45.48,46.33 1 1
go-micro-jetstream/pkg/broker/options.go:46.33,47.23 1 1
go-micro-jetstream/pkg/broker/options.go:47.23,49.4 1 0
go-micro-jetstream/pkg/broker/options.go:50.3,52.65 3 1
go-micro-jetstream/pkg/broker/options.go:56.57,57.33 1 0
go-micro-jetstream/pkg/broker/options.go:57.33,58.23 1 0
go-micro-jetstream/pkg/broker/options.go:58.23,60.4 1 0
go-micro-jetstream/pkg/broker/options.go:61.3,63.65 3 0
go-micro-jetstream/pkg/broker/options.go:67.65,68.33 1 0
go-micro-jetstream/pkg/broker/options.go:68.33,69.23 1 0
go-micro-jetstream/pkg/broker/options.go:69.23,71.4 1 0
go-micro-jetstream/pkg/broker/options.go:72.3,74.65 3 0
go-micro-jetstream/pkg/broker/options.go:78.62,79.22 1 1
go-micro-jetstream/pkg/broker/options.go:79.22,81.3 1 0
go-micro-jetstream/pkg/broker/options.go:83.2,84.9 2 1
go-micro-jetstream/pkg/broker/options.go:84.9,86.3 1 1
go-micro-jetstream/pkg/broker/options.go:88.2,88.15 1 1
go-micro-jetstream/pkg/broker/options.go:91.49,93.20 2 1
go-micro-jetstream/pkg/broker/options.go:93.20,95.3 1 0
go-micro-jetstream/pkg/broker/options.go:97.2,102.3 1 1
