mode: set
go-micro-jetstream/pkg/broker/event.go:17.34,19.2 1 0
go-micro-jetstream/pkg/broker/event.go:21.45,26.2 1 1
go-micro-jetstream/pkg/broker/event.go:28.31,30.2 1 0
go-micro-jetstream/pkg/broker/event.go:32.33,34.2 1 0
go-micro-jetstream/pkg/broker/event.go:46.58,48.2 1 0
go-micro-jetstream/pkg/broker/event.go:50.39,52.2 1 0
go-micro-jetstream/pkg/broker/event.go:54.44,57.2 2 1
go-micro-jetstream/pkg/broker/event.go:59.58,63.24 3 1
go-micro-jetstream/pkg/broker/event.go:63.24,65.3 1 1
go-micro-jetstream/pkg/broker/event.go:67.2,67.39 1 1
go-micro-jetstream/pkg/broker/event.go:67.39,68.22 1 1
go-micro-jetstream/pkg/broker/event.go:68.22,70.4 1 1
go-micro-jetstream/pkg/broker/event.go:73.2,73.16 1 1
go-micro-jetstream/pkg/broker/event.go:76.64,79.25 2 1
go-micro-jetstream/pkg/broker/event.go:79.25,81.38 2 1
go-micro-jetstream/pkg/broker/event.go:81.38,83.4 1 1
go-micro-jetstream/pkg/broker/event.go:86.2,86.26 1 1
go-micro-jetstream/pkg/broker/jetstream.go:28.53,33.25 2 1
go-micro-jetstream/pkg/broker/jetstream.go:33.25,35.3 1 1
go-micro-jetstream/pkg/broker/jetstream.go:37.2,41.3 1 1
go-micro-jetstream/pkg/broker/jetstream.go:44.61,45.25 1 0
go-micro-jetstream/pkg/broker/jetstream.go:45.25,47.3 1 0
go-micro-jetstream/pkg/broker/jetstream.go:49.2,51.12 2 0
go-micro-jetstream/pkg/broker/jetstream.go:54.43,58.17 3 1
go-micro-jetstream/pkg/broker/jetstream.go:58.17,60.3 1 1
go-micro-jetstream/pkg/broker/jetstream.go:62.2,63.21 2 1
go-micro-jetstream/pkg/broker/jetstream.go:63.21,65.3 1 0
go-micro-jetstream/pkg/broker/jetstream.go:67.2,73.16 4 1
go-micro-jetstream/pkg/broker/jetstream.go:73.16,75.3 1 1
go-micro-jetstream/pkg/broker/jetstream.go:77.2,78.16 2 1
go-micro-jetstream/pkg/broker/jetstream.go:78.16,81.3 2 0
go-micro-jetstream/pkg/broker/jetstream.go:83.2,89.12 5 1
go-micro-jetstream/pkg/broker/jetstream.go:92.46,96.18 3 1
go-micro-jetstream/pkg/broker/jetstream.go:96.18,98.3 1 1
go-micro-jetstream/pkg/broker/jetstream.go:100.2,100.29 1 1
go-micro-jetstream/pkg/broker/jetstream.go:100.29,102.3 1 1
go-micro-jetstream/pkg/broker/jetstream.go:104.2,106.37 2 1
go-micro-jetstream/pkg/broker/jetstream.go:106.37,108.3 1 0
go-micro-jetstream/pkg/broker/jetstream.go:110.2,115.12 4 1
go-micro-jetstream/pkg/broker/jetstream.go:118.106,124.16 5 1
go-micro-jetstream/pkg/broker/jetstream.go:124.16,126.3 1 1
go-micro-jetstream/pkg/broker/jetstream.go:128.2,131.25 2 1
go-micro-jetstream/pkg/broker/jetstream.go:131.25,133.3 1 0
go-micro-jetstream/pkg/broker/jetstream.go:135.2,135.63 1 1
go-micro-jetstream/pkg/broker/jetstream.go:135.63,137.3 1 0
go-micro-jetstream/pkg/broker/jetstream.go:139.2,148.16 4 1
go-micro-jetstream/pkg/broker/jetstream.go:148.16,150.3 1 0
go-micro-jetstream/pkg/broker/jetstream.go:152.2,152.12 1 1
go-micro-jetstream/pkg/broker/jetstream.go:155.128,161.16 5 1
go-micro-jetstream/pkg/broker/jetstream.go:161.16,163.3 1 1
go-micro-jetstream/pkg/broker/jetstream.go:165.2,168.25 2 1
go-micro-jetstream/pkg/broker/jetstream.go:168.25,170.3 1 1
go-micro-jetstream/pkg/broker/jetstream.go:172.2,173.23 2 1
go-micro-jetstream/pkg/broker/jetstream.go:173.23,175.3 1 1
go-micro-jetstream/pkg/broker/jetstream.go:177.2,177.57 1 1
go-micro-jetstream/pkg/broker/jetstream.go:177.57,179.3 1 1
go-micro-jetstream/pkg/broker/jetstream.go:181.2,182.16 2 1
go-micro-jetstream/pkg/broker/jetstream.go:182.16,184.3 1 0
go-micro-jetstream/pkg/broker/jetstream.go:186.2,191.16 2 1
go-micro-jetstream/pkg/broker/jetstream.go:191.16,193.3 1 0
go-micro-jetstream/pkg/broker/jetstream.go:195.2,216.17 9 1
go-micro-jetstream/pkg/broker/jetstream.go:219.52,221.2 1 0
go-micro-jetstream/pkg/broker/jetstream.go:223.44,227.32 3 1
go-micro-jetstream/pkg/broker/jetstream.go:227.32,229.3 1 1
go-micro-jetstream/pkg/broker/jetstream.go:231.2,231.11 1 0
go-micro-jetstream/pkg/broker/jetstream.go:234.43,236.2 1 0
go-micro-jetstream/pkg/broker/jetstream.go:238.81,242.16 3 1
go-micro-jetstream/pkg/broker/jetstream.go:242.16,244.3 1 1
go-micro-jetstream/pkg/broker/jetstream.go:246.2,246.50 1 1
go-micro-jetstream/pkg/broker/jetstream.go:246.50,248.3 1 0
go-micro-jetstream/pkg/broker/jetstream.go:250.2,257.34 2 1
go-micro-jetstream/pkg/broker/jetstream.go:257.34,260.3 2 0
go-micro-jetstream/pkg/broker/jetstream.go:262.2,263.16 2 1
go-micro-jetstream/pkg/broker/jetstream.go:263.16,265.3 1 0
go-micro-jetstream/pkg/broker/jetstream.go:267.2,269.12 2 1
go-micro-jetstream/pkg/broker/jetstream.go:272.96,276.16 3 1
go-micro-jetstream/pkg/broker/jetstream.go:276.16,278.3 1 1
go-micro-jetstream/pkg/broker/jetstream.go:280.2,280.51 1 1
go-micro-jetstream/pkg/broker/jetstream.go:280.51,282.3 1 0
go-micro-jetstream/pkg/broker/jetstream.go:284.2,284.24 1 1
go-micro-jetstream/pkg/broker/jetstream.go:287.80,288.15 1 1
go-micro-jetstream/pkg/broker/jetstream.go:288.15,289.31 1 1
go-micro-jetstream/pkg/broker/jetstream.go:289.31,291.4 1 0
go-micro-jetstream/pkg/broker/jetstream.go:294.2,297.6 3 1
go-micro-jetstream/pkg/broker/jetstream.go:297.6,298.10 1 1
go-micro-jetstream/pkg/broker/jetstream.go:299.21,300.10 1 1
go-micro-jetstream/pkg/broker/jetstream.go:301.11,301.11 0 1
go-micro-jetstream/pkg/broker/jetstream.go:304.3,309.17 2 1
go-micro-jetstream/pkg/broker/jetstream.go:309.17,310.40 1 0
go-micro-jetstream/pkg/broker/jetstream.go:310.40,312.5 1 0
go-micro-jetstream/pkg/broker/jetstream.go:314.4,316.11 2 0
go-micro-jetstream/pkg/broker/jetstream.go:317.22,318.11 1 0
go-micro-jetstream/pkg/broker/jetstream.go:319.31,321.13 2 0
go-micro-jetstream/pkg/broker/jetstream.go:325.3,327.36 2 1
go-micro-jetstream/pkg/broker/jetstream.go:327.36,329.4 1 1
go-micro-jetstream/pkg/broker/jetstream.go:331.3,331.26 1 1
go-micro-jetstream/pkg/broker/jetstream.go:331.26,333.4 1 0
go-micro-jetstream/pkg/broker/jetstream.go:337.79,338.15 1 1
go-micro-jetstream/pkg/broker/jetstream.go:338.15,339.31 1 1
go-micro-jetstream/pkg/broker/jetstream.go:339.31,341.36 2 1
go-micro-jetstream/pkg/broker/jetstream.go:341.36,343.5 1 0
go-micro-jetstream/pkg/broker/jetstream.go:347.2,354.16 3 1
go-micro-jetstream/pkg/broker/jetstream.go:354.16,356.41 2 1
go-micro-jetstream/pkg/broker/jetstream.go:356.41,358.4 1 0
go-micro-jetstream/pkg/broker/jetstream.go:359.3,359.9 1 1
go-micro-jetstream/pkg/broker/jetstream.go:362.2,362.40 1 1
go-micro-jetstream/pkg/broker/jetstream.go:362.40,364.3 1 0
go-micro-jetstream/pkg/broker/jetstream.go:367.47,369.21 2 1
go-micro-jetstream/pkg/broker/jetstream.go:369.21,371.3 1 0
go-micro-jetstream/pkg/broker/jetstream.go:373.2,373.64 1 1
go-micro-jetstream/pkg/broker/jetstream.go:376.45,377.16 1 1
go-micro-jetstream/pkg/broker/jetstream.go:377.16,379.3 1 0
go-micro-jetstream/pkg/broker/jetstream.go:381.2,381.21 1 1
go-micro-jetstream/pkg/broker/jetstream.go:381.21,383.3 1 0
go-micro-jetstream/pkg/broker/jetstream.go:385.2,385.25 1 1
go-micro-jetstream/pkg/broker/jetstream.go:385.25,386.10 1 1
go-micro-jetstream/pkg/broker/jetstream.go:387.17,388.81 1 1
go-micro-jetstream/pkg/broker/jetstream.go:389.17,390.83 1 1
go-micro-jetstream/pkg/broker/jetstream.go:391.17,392.87 1 0
go-micro-jetstream/pkg/broker/jetstream.go:393.30,394.96 1 1
go-micro-jetstream/pkg/broker/jetstream.go:395.28,396.109 1 1
go-micro-jetstream/pkg/broker/jetstream.go:397.27,398.95 1 0
go-micro-jetstream/pkg/broker/jetstream.go:402.2,402.20 1 1
go-micro-jetstream/pkg/broker/jetstream.go:402.20,404.3 1 0
go-micro-jetstream/pkg/broker/jetstream.go:406.2,406.12 1 1
go-micro-jetstream/pkg/broker/options.go:23.44,24.33 1 1
go-micro-jetstream/pkg/broker/options.go:24.33,25.23 1 1
go-micro-jetstream/pkg/broker/options.go:25.23,27.4 1 0
go-micro-jetstream/pkg/broker/options.go:28.3,30.65 3 1
go-micro-jetstream/pkg/broker/options.go:34.58,35.33 1 1
go-micro-jetstream/pkg/broker/options.go:35.33,36.23 1 1
go-micro-jetstream/pkg/broker/options.go:36.23,38.4 1 0
go-micro-jetstream/pkg/broker/options.go:39.3,41.65 3 1
go-micro-jetstream/pkg/broker/options.go:45.48,46.33 1 1
go-micro-jetstream/pkg/broker/options.go:46.33,47.23 1 1
go-micro-jetstream/pkg/broker/options.go:47.23,49.4 1 0
go-micro-jetstream/pkg/broker/options.go:50.3,52.65 3 1
go-micro-jetstream/pkg/broker/options.go:56.57,57.33 1 0
go-micro-jetstream/pkg/broker/options.go:57.33,58.23 1 0
go-micro-jetstream/pkg/broker/options.go:58.23,60.4 1 0
go-micro-jetstream/pkg/broker/options.go:61.3,63.65 3 0
go-micro-jetstream/pkg/broker/options.go:67.65,68.33 1 0
go-micro-jetstream/pkg/broker/options.go:68.33,69.23 1 0
go-micro-jetstream/pkg/broker/options.go:69.23,71.4 1 0
go-micro-jetstream/pkg/broker/options.go:72.3,74.65 3 0
go-micro-jetstream/pkg/broker/options.go:78.62,79.22 1 1
go-micro-jetstream/pkg/broker/options.go:79.22,81.3 1 0
go-micro-jetstream/pkg/broker/options.go:83.2,84.9 2 1
go-micro-jetstream/pkg/broker/options.go:84.9,86.3 1 1
go-micro-jetstream/pkg/broker/options.go:88.2,88.15 1 1
go-micro-jetstream/pkg/broker/options.go:91.49,93.20 2 1
go-micro-jetstream/pkg/broker/options.go:93.20,95.3 1 0
go-micro-jetstream/pkg/broker/options.go:97.2,102.3 1 1
